DEBUG:___Init____
INFO:self.attack_nodes: [5]
DEBUG:self.collision_domain_elems: {5: [0, 1, 2, 3], 8: [2, 3, 4, 5]}
DEBUG:self.node_in_domains: {0: [5], 1: [5], 2: [5, 8], 3: [5, 8], 4: [8], 5: [8]}
DEBUG:self.node_action_list: {0: [0, 1, 2, 3], 2: [0, 1, 2, 3, 4, 5], 1: [0, 1, 2, 3], 3: [0, 1, 2, 3, 4, 5], 4: [2, 3, 4, 5], 5: [2, 3, 4, 5]}
INFO:self.action_space: MultiDiscrete([4 6 4 6 4 4])
INFO:self.observation_space: MultiDiscrete([7 7 7 7 7 7 6])
INFO:------------------ resetting environment--------------------
INFO:self.attack_nodes: [4]
DEBUG:Executing first time
DEBUG:received action: [1, 2, 1, 3, 2, 3]
DEBUG:mapped actions: [1, 6, 6, 6, 6, 6]
DEBUG:Packet reached destination node from source: 0, to destination: 1, with hopcount 1
DEBUG:top of axes not in the figure, so title not moved
DEBUG:findfont: Matching sans\-serif:style=normal:variant=normal:weight=normal:stretch=normal:size=12.0.
DEBUG:findfont: score(<Font 'DejaVu Sans Mono' (DejaVuSansMono-Oblique.ttf) oblique normal 400 normal>) = 11.05
DEBUG:findfont: score(<Font 'DejaVu Sans Mono' (DejaVuSansMono-BoldOblique.ttf) oblique normal 700 normal>) = 11.335
DEBUG:findfont: score(<Font 'DejaVu Sans Mono' (DejaVuSansMono-Bold.ttf) normal normal 700 normal>) = 10.335
DEBUG:findfont: score(<Font 'STIXSizeFourSym' (STIXSizFourSymReg.ttf) normal normal 400 normal>) = 10.05
DEBUG:findfont: score(<Font 'DejaVu Sans' (DejaVuSans-Oblique.ttf) oblique normal 400 normal>) = 1.05
DEBUG:findfont: score(<Font 'DejaVu Sans' (DejaVuSans-BoldOblique.ttf) oblique normal 700 normal>) = 1.335
DEBUG:findfont: score(<Font 'STIXSizeOneSym' (STIXSizOneSymReg.ttf) normal normal 400 normal>) = 10.05
DEBUG:findfont: score(<Font 'cmb10' (cmb10.ttf) normal normal 400 normal>) = 10.05
DEBUG:findfont: score(<Font 'STIXSizeThreeSym' (STIXSizThreeSymReg.ttf) normal normal 400 normal>) = 10.05
DEBUG:findfont: score(<Font 'cmex10' (cmex10.ttf) normal normal 400 normal>) = 10.05
DEBUG:findfont: score(<Font 'STIXNonUnicode' (STIXNonUniBolIta.ttf) italic normal 700 normal>) = 11.335
DEBUG:findfont: score(<Font 'STIXSizeFourSym' (STIXSizFourSymBol.ttf) normal normal 700 normal>) = 10.335
DEBUG:findfont: score(<Font 'STIXGeneral' (STIXGeneralBol.ttf) normal normal 700 normal>) = 10.335
DEBUG:findfont: score(<Font 'DejaVu Sans Mono' (DejaVuSansMono.ttf) normal normal 400 normal>) = 10.05
DEBUG:findfont: score(<Font 'DejaVu Sans Display' (DejaVuSansDisplay.ttf) normal normal 400 normal>) = 10.05
DEBUG:findfont: score(<Font 'cmss10' (cmss10.ttf) normal normal 400 normal>) = 10.05
DEBUG:findfont: score(<Font 'DejaVu Serif' (DejaVuSerif-Bold.ttf) normal normal 700 normal>) = 10.335
DEBUG:findfont: score(<Font 'STIXSizeThreeSym' (STIXSizThreeSymBol.ttf) normal normal 700 normal>) = 10.335
DEBUG:findfont: score(<Font 'STIXGeneral' (STIXGeneral.ttf) normal normal 400 normal>) = 10.05
DEBUG:findfont: score(<Font 'STIXSizeTwoSym' (STIXSizTwoSymReg.ttf) normal normal 400 normal>) = 10.05
DEBUG:findfont: score(<Font 'DejaVu Serif Display' (DejaVuSerifDisplay.ttf) normal normal 400 normal>) = 10.05
DEBUG:findfont: score(<Font 'DejaVu Serif' (DejaVuSerif.ttf) normal normal 400 normal>) = 10.05
DEBUG:findfont: score(<Font 'DejaVu Sans' (DejaVuSans-Bold.ttf) normal normal 700 normal>) = 0.33499999999999996
DEBUG:findfont: score(<Font 'STIXSizeTwoSym' (STIXSizTwoSymBol.ttf) normal normal 700 normal>) = 10.335
DEBUG:findfont: score(<Font 'DejaVu Sans' (DejaVuSans.ttf) normal normal 400 normal>) = 0.05
DEBUG:findfont: score(<Font 'DejaVu Serif' (DejaVuSerif-Italic.ttf) italic normal 400 normal>) = 11.05
DEBUG:findfont: score(<Font 'STIXSizeOneSym' (STIXSizOneSymBol.ttf) normal normal 700 normal>) = 10.335
DEBUG:findfont: score(<Font 'STIXGeneral' (STIXGeneralBolIta.ttf) italic normal 700 normal>) = 11.335
DEBUG:findfont: score(<Font 'STIXGeneral' (STIXGeneralItalic.ttf) italic normal 400 normal>) = 11.05
DEBUG:findfont: score(<Font 'cmsy10' (cmsy10.ttf) normal normal 400 normal>) = 10.05
DEBUG:findfont: score(<Font 'cmmi10' (cmmi10.ttf) normal normal 400 normal>) = 10.05
DEBUG:findfont: score(<Font 'cmtt10' (cmtt10.ttf) normal normal 400 normal>) = 10.05
DEBUG:findfont: score(<Font 'STIXNonUnicode' (STIXNonUni.ttf) normal normal 400 normal>) = 10.05
DEBUG:findfont: score(<Font 'STIXNonUnicode' (STIXNonUniIta.ttf) italic normal 400 normal>) = 11.05
DEBUG:findfont: score(<Font 'cmr10' (cmr10.ttf) normal normal 400 normal>) = 10.05
DEBUG:findfont: score(<Font 'STIXSizeFiveSym' (STIXSizFiveSymReg.ttf) normal normal 400 normal>) = 10.05
DEBUG:findfont: score(<Font 'DejaVu Serif' (DejaVuSerif-BoldItalic.ttf) italic normal 700 normal>) = 11.335
DEBUG:findfont: score(<Font 'STIXNonUnicode' (STIXNonUniBol.ttf) normal normal 700 normal>) = 10.335
DEBUG:findfont: score(<Font 'DejaVu Sans' (DejaVuSans-Bold.ttf) normal normal 700 normal>) = 0.33499999999999996
DEBUG:findfont: score(<Font 'Lato' (Lato-MediumItalic.ttf) italic normal 500 normal>) = 11.145
DEBUG:findfont: score(<Font 'Lato' (Lato-Light.ttf) normal normal 300 normal>) = 10.145
DEBUG:findfont: score(<Font 'DejaVu Sans Mono' (DejaVuSansMono.ttf) normal normal 400 normal>) = 10.05
DEBUG:findfont: score(<Font 'Lato' (Lato-Semibold.ttf) normal normal 600 normal>) = 10.24
DEBUG:findfont: score(<Font 'Lato' (Lato-Thin.ttf) normal normal 200 normal>) = 10.24
DEBUG:findfont: score(<Font 'DejaVu Sans Mono' (DejaVuSansMono-Bold.ttf) normal normal 700 normal>) = 10.335
DEBUG:findfont: score(<Font 'DejaVu Serif' (DejaVuSerif-Bold.ttf) normal normal 700 normal>) = 10.335
DEBUG:findfont: score(<Font 'Lato' (Lato-HeavyItalic.ttf) italic normal 800 normal>) = 11.43
DEBUG:findfont: score(<Font 'Lato' (Lato-Black.ttf) normal normal 900 normal>) = 10.525
DEBUG:findfont: score(<Font 'Lato' (Lato-Hairline.ttf) normal normal 100 normal>) = 10.335
DEBUG:findfont: score(<Font 'Lato' (Lato-Medium.ttf) normal normal 500 normal>) = 10.145
DEBUG:findfont: score(<Font 'DejaVu Sans' (DejaVuSans.ttf) normal normal 400 normal>) = 0.05
DEBUG:findfont: score(<Font 'Lato' (Lato-Regular.ttf) normal normal 400 normal>) = 10.05
DEBUG:findfont: score(<Font 'Droid Sans Fallback' (DroidSansFallbackFull.ttf) normal normal 400 normal>) = 10.05
DEBUG:findfont: score(<Font 'Lato' (Lato-Italic.ttf) italic normal 400 normal>) = 11.05
DEBUG:findfont: score(<Font 'Lato' (Lato-BoldItalic.ttf) italic normal 700 normal>) = 11.335
DEBUG:findfont: score(<Font 'Lato' (Lato-Bold.ttf) normal normal 700 normal>) = 10.335
DEBUG:findfont: score(<Font 'Lato' (Lato-BlackItalic.ttf) italic normal 900 normal>) = 11.525
DEBUG:findfont: score(<Font 'Lato' (Lato-SemiboldItalic.ttf) italic normal 600 normal>) = 11.24
DEBUG:findfont: score(<Font 'Lato' (Lato-ThinItalic.ttf) italic normal 200 normal>) = 11.24
DEBUG:findfont: score(<Font 'DejaVu Serif' (DejaVuSerif.ttf) normal normal 400 normal>) = 10.05
DEBUG:findfont: score(<Font 'Lato' (Lato-Heavy.ttf) normal normal 800 normal>) = 10.43
DEBUG:findfont: score(<Font 'Lato' (Lato-HairlineItalic.ttf) italic normal 100 normal>) = 11.335
DEBUG:findfont: score(<Font 'Lato' (Lato-LightItalic.ttf) italic normal 300 normal>) = 11.145
DEBUG:findfont: score(<Font 'Noto Mono' (NotoMono-Regular.ttf) normal normal 400 normal>) = 10.05
DEBUG:findfont: Matching sans\-serif:style=normal:variant=normal:weight=normal:stretch=normal:size=12.0 to DejaVu Sans ('/home/aicon/anaconda3/envs/pavitra/lib/python3.7/site-packages/matplotlib/mpl-data/fonts/ttf/DejaVuSans.ttf') with score of 0.050000.
DEBUG:findfont: Matching sans\-serif:style=normal:variant=normal:weight=bold:stretch=normal:size=12.0.
DEBUG:findfont: score(<Font 'DejaVu Sans Mono' (DejaVuSansMono-Oblique.ttf) oblique normal 400 normal>) = 11.335
DEBUG:findfont: score(<Font 'DejaVu Sans Mono' (DejaVuSansMono-BoldOblique.ttf) oblique normal 700 normal>) = 11.05
DEBUG:findfont: score(<Font 'DejaVu Sans Mono' (DejaVuSansMono-Bold.ttf) normal normal 700 normal>) = 10.05
DEBUG:findfont: score(<Font 'STIXSizeFourSym' (STIXSizFourSymReg.ttf) normal normal 400 normal>) = 10.335
DEBUG:findfont: score(<Font 'DejaVu Sans' (DejaVuSans-Oblique.ttf) oblique normal 400 normal>) = 1.335
DEBUG:findfont: score(<Font 'DejaVu Sans' (DejaVuSans-BoldOblique.ttf) oblique normal 700 normal>) = 1.05
DEBUG:findfont: score(<Font 'STIXSizeOneSym' (STIXSizOneSymReg.ttf) normal normal 400 normal>) = 10.335
DEBUG:findfont: score(<Font 'cmb10' (cmb10.ttf) normal normal 400 normal>) = 10.335
DEBUG:findfont: score(<Font 'STIXSizeThreeSym' (STIXSizThreeSymReg.ttf) normal normal 400 normal>) = 10.335
DEBUG:findfont: score(<Font 'cmex10' (cmex10.ttf) normal normal 400 normal>) = 10.335
DEBUG:findfont: score(<Font 'STIXNonUnicode' (STIXNonUniBolIta.ttf) italic normal 700 normal>) = 11.05
DEBUG:findfont: score(<Font 'STIXSizeFourSym' (STIXSizFourSymBol.ttf) normal normal 700 normal>) = 10.05
DEBUG:findfont: score(<Font 'STIXGeneral' (STIXGeneralBol.ttf) normal normal 700 normal>) = 10.05
DEBUG:findfont: score(<Font 'DejaVu Sans Mono' (DejaVuSansMono.ttf) normal normal 400 normal>) = 10.335
DEBUG:findfont: score(<Font 'DejaVu Sans Display' (DejaVuSansDisplay.ttf) normal normal 400 normal>) = 10.335
DEBUG:findfont: score(<Font 'cmss10' (cmss10.ttf) normal normal 400 normal>) = 10.335
DEBUG:findfont: score(<Font 'DejaVu Serif' (DejaVuSerif-Bold.ttf) normal normal 700 normal>) = 10.05
DEBUG:findfont: score(<Font 'STIXSizeThreeSym' (STIXSizThreeSymBol.ttf) normal normal 700 normal>) = 10.05
DEBUG:findfont: score(<Font 'STIXGeneral' (STIXGeneral.ttf) normal normal 400 normal>) = 10.335
DEBUG:findfont: score(<Font 'STIXSizeTwoSym' (STIXSizTwoSymReg.ttf) normal normal 400 normal>) = 10.335
DEBUG:findfont: score(<Font 'DejaVu Serif Display' (DejaVuSerifDisplay.ttf) normal normal 400 normal>) = 10.335
DEBUG:findfont: score(<Font 'DejaVu Serif' (DejaVuSerif.ttf) normal normal 400 normal>) = 10.335
DEBUG:findfont: score(<Font 'DejaVu Sans' (DejaVuSans-Bold.ttf) normal normal 700 normal>) = 0.05
DEBUG:findfont: score(<Font 'STIXSizeTwoSym' (STIXSizTwoSymBol.ttf) normal normal 700 normal>) = 10.05
DEBUG:findfont: score(<Font 'DejaVu Sans' (DejaVuSans.ttf) normal normal 400 normal>) = 0.33499999999999996
DEBUG:findfont: score(<Font 'DejaVu Serif' (DejaVuSerif-Italic.ttf) italic normal 400 normal>) = 11.335
DEBUG:findfont: score(<Font 'STIXSizeOneSym' (STIXSizOneSymBol.ttf) normal normal 700 normal>) = 10.05
DEBUG:findfont: score(<Font 'STIXGeneral' (STIXGeneralBolIta.ttf) italic normal 700 normal>) = 11.05
DEBUG:findfont: score(<Font 'STIXGeneral' (STIXGeneralItalic.ttf) italic normal 400 normal>) = 11.335
DEBUG:findfont: score(<Font 'cmsy10' (cmsy10.ttf) normal normal 400 normal>) = 10.335
DEBUG:findfont: score(<Font 'cmmi10' (cmmi10.ttf) normal normal 400 normal>) = 10.335
DEBUG:findfont: score(<Font 'cmtt10' (cmtt10.ttf) normal normal 400 normal>) = 10.335
DEBUG:findfont: score(<Font 'STIXNonUnicode' (STIXNonUni.ttf) normal normal 400 normal>) = 10.335
DEBUG:findfont: score(<Font 'STIXNonUnicode' (STIXNonUniIta.ttf) italic normal 400 normal>) = 11.335
DEBUG:findfont: score(<Font 'cmr10' (cmr10.ttf) normal normal 400 normal>) = 10.335
DEBUG:findfont: score(<Font 'STIXSizeFiveSym' (STIXSizFiveSymReg.ttf) normal normal 400 normal>) = 10.335
DEBUG:findfont: score(<Font 'DejaVu Serif' (DejaVuSerif-BoldItalic.ttf) italic normal 700 normal>) = 11.05
DEBUG:findfont: score(<Font 'STIXNonUnicode' (STIXNonUniBol.ttf) normal normal 700 normal>) = 10.05
DEBUG:findfont: score(<Font 'DejaVu Sans' (DejaVuSans-Bold.ttf) normal normal 700 normal>) = 0.05
DEBUG:findfont: score(<Font 'Lato' (Lato-MediumItalic.ttf) italic normal 500 normal>) = 11.24
DEBUG:findfont: score(<Font 'Lato' (Lato-Light.ttf) normal normal 300 normal>) = 10.43
DEBUG:findfont: score(<Font 'DejaVu Sans Mono' (DejaVuSansMono.ttf) normal normal 400 normal>) = 10.335
DEBUG:findfont: score(<Font 'Lato' (Lato-Semibold.ttf) normal normal 600 normal>) = 10.145
DEBUG:findfont: score(<Font 'Lato' (Lato-Thin.ttf) normal normal 200 normal>) = 10.525
DEBUG:findfont: score(<Font 'DejaVu Sans Mono' (DejaVuSansMono-Bold.ttf) normal normal 700 normal>) = 10.05
DEBUG:findfont: score(<Font 'DejaVu Serif' (DejaVuSerif-Bold.ttf) normal normal 700 normal>) = 10.05
DEBUG:findfont: score(<Font 'Lato' (Lato-HeavyItalic.ttf) italic normal 800 normal>) = 11.145
DEBUG:findfont: score(<Font 'Lato' (Lato-Black.ttf) normal normal 900 normal>) = 10.24
DEBUG:findfont: score(<Font 'Lato' (Lato-Hairline.ttf) normal normal 100 normal>) = 10.62
DEBUG:findfont: score(<Font 'Lato' (Lato-Medium.ttf) normal normal 500 normal>) = 10.24
DEBUG:findfont: score(<Font 'DejaVu Sans' (DejaVuSans.ttf) normal normal 400 normal>) = 0.33499999999999996
DEBUG:findfont: score(<Font 'Lato' (Lato-Regular.ttf) normal normal 400 normal>) = 10.335
DEBUG:findfont: score(<Font 'Droid Sans Fallback' (DroidSansFallbackFull.ttf) normal normal 400 normal>) = 10.335
DEBUG:findfont: score(<Font 'Lato' (Lato-Italic.ttf) italic normal 400 normal>) = 11.335
DEBUG:findfont: score(<Font 'Lato' (Lato-BoldItalic.ttf) italic normal 700 normal>) = 11.05
DEBUG:findfont: score(<Font 'Lato' (Lato-Bold.ttf) normal normal 700 normal>) = 10.05
DEBUG:findfont: score(<Font 'Lato' (Lato-BlackItalic.ttf) italic normal 900 normal>) = 11.24
DEBUG:findfont: score(<Font 'Lato' (Lato-SemiboldItalic.ttf) italic normal 600 normal>) = 11.145
DEBUG:findfont: score(<Font 'Lato' (Lato-ThinItalic.ttf) italic normal 200 normal>) = 11.525
DEBUG:findfont: score(<Font 'DejaVu Serif' (DejaVuSerif.ttf) normal normal 400 normal>) = 10.335
DEBUG:findfont: score(<Font 'Lato' (Lato-Heavy.ttf) normal normal 800 normal>) = 10.145
DEBUG:findfont: score(<Font 'Lato' (Lato-HairlineItalic.ttf) italic normal 100 normal>) = 11.62
DEBUG:findfont: score(<Font 'Lato' (Lato-LightItalic.ttf) italic normal 300 normal>) = 11.43
DEBUG:findfont: score(<Font 'Noto Mono' (NotoMono-Regular.ttf) normal normal 400 normal>) = 10.335
DEBUG:findfont: Matching sans\-serif:style=normal:variant=normal:weight=bold:stretch=normal:size=12.0 to DejaVu Sans ('/home/aicon/anaconda3/envs/pavitra/lib/python3.7/site-packages/matplotlib/mpl-data/fonts/ttf/DejaVuSans-Bold.ttf') with score of 0.050000.
DEBUG:findfont: Matching sans\-serif:style=normal:variant=normal:weight=normal:stretch=normal:size=10.0.
DEBUG:findfont: score(<Font 'DejaVu Sans Mono' (DejaVuSansMono-Oblique.ttf) oblique normal 400 normal>) = 11.05
DEBUG:findfont: score(<Font 'DejaVu Sans Mono' (DejaVuSansMono-BoldOblique.ttf) oblique normal 700 normal>) = 11.335
DEBUG:findfont: score(<Font 'DejaVu Sans Mono' (DejaVuSansMono-Bold.ttf) normal normal 700 normal>) = 10.335
DEBUG:findfont: score(<Font 'STIXSizeFourSym' (STIXSizFourSymReg.ttf) normal normal 400 normal>) = 10.05
DEBUG:findfont: score(<Font 'DejaVu Sans' (DejaVuSans-Oblique.ttf) oblique normal 400 normal>) = 1.05
DEBUG:findfont: score(<Font 'DejaVu Sans' (DejaVuSans-BoldOblique.ttf) oblique normal 700 normal>) = 1.335
DEBUG:findfont: score(<Font 'STIXSizeOneSym' (STIXSizOneSymReg.ttf) normal normal 400 normal>) = 10.05
DEBUG:findfont: score(<Font 'cmb10' (cmb10.ttf) normal normal 400 normal>) = 10.05
DEBUG:findfont: score(<Font 'STIXSizeThreeSym' (STIXSizThreeSymReg.ttf) normal normal 400 normal>) = 10.05
DEBUG:findfont: score(<Font 'cmex10' (cmex10.ttf) normal normal 400 normal>) = 10.05
DEBUG:findfont: score(<Font 'STIXNonUnicode' (STIXNonUniBolIta.ttf) italic normal 700 normal>) = 11.335
DEBUG:findfont: score(<Font 'STIXSizeFourSym' (STIXSizFourSymBol.ttf) normal normal 700 normal>) = 10.335
DEBUG:findfont: score(<Font 'STIXGeneral' (STIXGeneralBol.ttf) normal normal 700 normal>) = 10.335
DEBUG:findfont: score(<Font 'DejaVu Sans Mono' (DejaVuSansMono.ttf) normal normal 400 normal>) = 10.05
DEBUG:findfont: score(<Font 'DejaVu Sans Display' (DejaVuSansDisplay.ttf) normal normal 400 normal>) = 10.05
DEBUG:findfont: score(<Font 'cmss10' (cmss10.ttf) normal normal 400 normal>) = 10.05
DEBUG:findfont: score(<Font 'DejaVu Serif' (DejaVuSerif-Bold.ttf) normal normal 700 normal>) = 10.335
DEBUG:findfont: score(<Font 'STIXSizeThreeSym' (STIXSizThreeSymBol.ttf) normal normal 700 normal>) = 10.335
DEBUG:findfont: score(<Font 'STIXGeneral' (STIXGeneral.ttf) normal normal 400 normal>) = 10.05
DEBUG:findfont: score(<Font 'STIXSizeTwoSym' (STIXSizTwoSymReg.ttf) normal normal 400 normal>) = 10.05
DEBUG:findfont: score(<Font 'DejaVu Serif Display' (DejaVuSerifDisplay.ttf) normal normal 400 normal>) = 10.05
DEBUG:findfont: score(<Font 'DejaVu Serif' (DejaVuSerif.ttf) normal normal 400 normal>) = 10.05
DEBUG:findfont: score(<Font 'DejaVu Sans' (DejaVuSans-Bold.ttf) normal normal 700 normal>) = 0.33499999999999996
DEBUG:findfont: score(<Font 'STIXSizeTwoSym' (STIXSizTwoSymBol.ttf) normal normal 700 normal>) = 10.335
DEBUG:findfont: score(<Font 'DejaVu Sans' (DejaVuSans.ttf) normal normal 400 normal>) = 0.05
DEBUG:findfont: score(<Font 'DejaVu Serif' (DejaVuSerif-Italic.ttf) italic normal 400 normal>) = 11.05
DEBUG:findfont: score(<Font 'STIXSizeOneSym' (STIXSizOneSymBol.ttf) normal normal 700 normal>) = 10.335
DEBUG:findfont: score(<Font 'STIXGeneral' (STIXGeneralBolIta.ttf) italic normal 700 normal>) = 11.335
DEBUG:findfont: score(<Font 'STIXGeneral' (STIXGeneralItalic.ttf) italic normal 400 normal>) = 11.05
DEBUG:findfont: score(<Font 'cmsy10' (cmsy10.ttf) normal normal 400 normal>) = 10.05
DEBUG:findfont: score(<Font 'cmmi10' (cmmi10.ttf) normal normal 400 normal>) = 10.05
DEBUG:findfont: score(<Font 'cmtt10' (cmtt10.ttf) normal normal 400 normal>) = 10.05
DEBUG:findfont: score(<Font 'STIXNonUnicode' (STIXNonUni.ttf) normal normal 400 normal>) = 10.05
DEBUG:findfont: score(<Font 'STIXNonUnicode' (STIXNonUniIta.ttf) italic normal 400 normal>) = 11.05
DEBUG:findfont: score(<Font 'cmr10' (cmr10.ttf) normal normal 400 normal>) = 10.05
DEBUG:findfont: score(<Font 'STIXSizeFiveSym' (STIXSizFiveSymReg.ttf) normal normal 400 normal>) = 10.05
DEBUG:findfont: score(<Font 'DejaVu Serif' (DejaVuSerif-BoldItalic.ttf) italic normal 700 normal>) = 11.335
DEBUG:findfont: score(<Font 'STIXNonUnicode' (STIXNonUniBol.ttf) normal normal 700 normal>) = 10.335
DEBUG:findfont: score(<Font 'DejaVu Sans' (DejaVuSans-Bold.ttf) normal normal 700 normal>) = 0.33499999999999996
DEBUG:findfont: score(<Font 'Lato' (Lato-MediumItalic.ttf) italic normal 500 normal>) = 11.145
DEBUG:findfont: score(<Font 'Lato' (Lato-Light.ttf) normal normal 300 normal>) = 10.145
DEBUG:findfont: score(<Font 'DejaVu Sans Mono' (DejaVuSansMono.ttf) normal normal 400 normal>) = 10.05
DEBUG:findfont: score(<Font 'Lato' (Lato-Semibold.ttf) normal normal 600 normal>) = 10.24
DEBUG:findfont: score(<Font 'Lato' (Lato-Thin.ttf) normal normal 200 normal>) = 10.24
DEBUG:findfont: score(<Font 'DejaVu Sans Mono' (DejaVuSansMono-Bold.ttf) normal normal 700 normal>) = 10.335
DEBUG:findfont: score(<Font 'DejaVu Serif' (DejaVuSerif-Bold.ttf) normal normal 700 normal>) = 10.335
DEBUG:findfont: score(<Font 'Lato' (Lato-HeavyItalic.ttf) italic normal 800 normal>) = 11.43
DEBUG:findfont: score(<Font 'Lato' (Lato-Black.ttf) normal normal 900 normal>) = 10.525
DEBUG:findfont: score(<Font 'Lato' (Lato-Hairline.ttf) normal normal 100 normal>) = 10.335
DEBUG:findfont: score(<Font 'Lato' (Lato-Medium.ttf) normal normal 500 normal>) = 10.145
DEBUG:findfont: score(<Font 'DejaVu Sans' (DejaVuSans.ttf) normal normal 400 normal>) = 0.05
DEBUG:findfont: score(<Font 'Lato' (Lato-Regular.ttf) normal normal 400 normal>) = 10.05
DEBUG:findfont: score(<Font 'Droid Sans Fallback' (DroidSansFallbackFull.ttf) normal normal 400 normal>) = 10.05
DEBUG:findfont: score(<Font 'Lato' (Lato-Italic.ttf) italic normal 400 normal>) = 11.05
DEBUG:findfont: score(<Font 'Lato' (Lato-BoldItalic.ttf) italic normal 700 normal>) = 11.335
DEBUG:findfont: score(<Font 'Lato' (Lato-Bold.ttf) normal normal 700 normal>) = 10.335
DEBUG:findfont: score(<Font 'Lato' (Lato-BlackItalic.ttf) italic normal 900 normal>) = 11.525
DEBUG:findfont: score(<Font 'Lato' (Lato-SemiboldItalic.ttf) italic normal 600 normal>) = 11.24
DEBUG:findfont: score(<Font 'Lato' (Lato-ThinItalic.ttf) italic normal 200 normal>) = 11.24
DEBUG:findfont: score(<Font 'DejaVu Serif' (DejaVuSerif.ttf) normal normal 400 normal>) = 10.05
DEBUG:findfont: score(<Font 'Lato' (Lato-Heavy.ttf) normal normal 800 normal>) = 10.43
DEBUG:findfont: score(<Font 'Lato' (Lato-HairlineItalic.ttf) italic normal 100 normal>) = 11.335
DEBUG:findfont: score(<Font 'Lato' (Lato-LightItalic.ttf) italic normal 300 normal>) = 11.145
DEBUG:findfont: score(<Font 'Noto Mono' (NotoMono-Regular.ttf) normal normal 400 normal>) = 10.05
DEBUG:findfont: Matching sans\-serif:style=normal:variant=normal:weight=normal:stretch=normal:size=10.0 to DejaVu Sans ('/home/aicon/anaconda3/envs/pavitra/lib/python3.7/site-packages/matplotlib/mpl-data/fonts/ttf/DejaVuSans.ttf') with score of 0.050000.
DEBUG:Executing first time
DEBUG:received action: [0, 0, 1, 3, 2, 3]
DEBUG:mapped actions: [6, 0, 6, 6, 6, 6]
DEBUG:Packet reached destination node from source: 2, to destination: 0, with hopcount 1
DEBUG:top of axes not in the figure, so title not moved
DEBUG:Executing first time
DEBUG:received action: [0, 2, 0, 3, 2, 3]
DEBUG:mapped actions: [6, 6, 0, 6, 6, 6]
DEBUG:Packet reached destination node from source: 1, to destination: 0, with hopcount 1
DEBUG:top of axes not in the figure, so title not moved
DEBUG:Executing first time
DEBUG:received action: [0, 2, 1, 1, 2, 3]
DEBUG:mapped actions: [6, 6, 6, 1, 6, 6]
DEBUG:Packet reached destination node from source: 3, to destination: 1, with hopcount 1
DEBUG:top of axes not in the figure, so title not moved
DEBUG:Executing first time
DEBUG:received action: [0, 2, 1, 3, 2, 0]
DEBUG:mapped actions: [6, 6, 6, 6, 6, 2]
DEBUG:top of axes not in the figure, so title not moved
DEBUG:Executing first time
DEBUG:received action: [0, 0, 1, 3, 2, 3]
DEBUG:mapped actions: [6, 0, 6, 6, 6, 6]
DEBUG:Packet reached destination node from source: 2, to destination: 0, with hopcount 1
DEBUG:top of axes not in the figure, so title not moved
DEBUG:Executing first time
DEBUG:received action: [2, 2, 1, 3, 2, 3]
DEBUG:mapped actions: [2, 6, 6, 6, 6, 6]
DEBUG:Packet reached destination node from source: 0, to destination: 2, with hopcount 1
DEBUG:top of axes not in the figure, so title not moved
DEBUG:Executing first time
DEBUG:received action: [0, 5, 1, 3, 2, 3]
DEBUG:mapped actions: [6, 5, 6, 6, 6, 6]
DEBUG:Packet reached destination node from source: 2, to destination: 5, with hopcount 1
DEBUG:top of axes not in the figure, so title not moved
DEBUG:Executing first time
DEBUG:received action: [0, 2, 3, 3, 2, 3]
DEBUG:mapped actions: [6, 6, 3, 6, 6, 6]
DEBUG:Packet reached destination node from source: 1, to destination: 3, with hopcount 1
DEBUG:top of axes not in the figure, so title not moved
DEBUG:Executing first time
DEBUG:received action: [0, 2, 1, 1, 2, 3]
DEBUG:mapped actions: [6, 6, 6, 1, 6, 6]
DEBUG:Packet reached destination node from source: 3, to destination: 1, with hopcount 1
DEBUG:top of axes not in the figure, so title not moved
DEBUG:Executing first time
DEBUG:received action: [0, 2, 1, 3, 2, 0]
DEBUG:mapped actions: [6, 6, 6, 6, 6, 2]
DEBUG:top of axes not in the figure, so title not moved
DEBUG:Executing first time
DEBUG:received action: [0, 5, 1, 3, 2, 3]
DEBUG:mapped actions: [6, 5, 6, 6, 6, 6]
DEBUG:Packet reached destination node from source: 2, to destination: 5, with hopcount 1
DEBUG:top of axes not in the figure, so title not moved
DEBUG:Executing first time
DEBUG:received action: [2, 2, 1, 3, 2, 3]
DEBUG:mapped actions: [2, 6, 6, 6, 6, 6]
DEBUG:top of axes not in the figure, so title not moved
DEBUG:Executing first time
DEBUG:received action: [0, 5, 1, 3, 2, 3]
DEBUG:mapped actions: [6, 5, 6, 6, 6, 6]
DEBUG:Packet reached destination node from source: 2, to destination: 5, with hopcount 1
DEBUG:top of axes not in the figure, so title not moved
DEBUG:Executing first time
DEBUG:received action: [0, 0, 1, 3, 2, 3]
DEBUG:mapped actions: [6, 0, 6, 6, 6, 6]
DEBUG:Packet reached destination node from source: 5, to destination: 0, with hopcount 2
DEBUG:top of axes not in the figure, so title not moved
DEBUG:Executing first time
DEBUG:received action: [0, 2, 0, 3, 2, 3]
DEBUG:mapped actions: [6, 6, 0, 6, 6, 6]
DEBUG:Packet reached destination node from source: 1, to destination: 0, with hopcount 1
DEBUG:top of axes not in the figure, so title not moved
DEBUG:Executing first time
DEBUG:received action: [0, 2, 1, 1, 2, 3]
DEBUG:mapped actions: [6, 6, 6, 1, 6, 6]
DEBUG:Packet reached destination node from source: 3, to destination: 1, with hopcount 1
DEBUG:top of axes not in the figure, so title not moved
DEBUG:Executing first time
DEBUG:received action: [0, 2, 1, 3, 2, 0]
DEBUG:mapped actions: [6, 6, 6, 6, 6, 2]
DEBUG:top of axes not in the figure, so title not moved
DEBUG:Executing first time
DEBUG:received action: [0, 1, 1, 3, 2, 3]
DEBUG:mapped actions: [6, 1, 6, 6, 6, 6]
DEBUG:Packet reached destination node from source: 5, to destination: 1, with hopcount 2
DEBUG:top of axes not in the figure, so title not moved
DEBUG:Executing first time
DEBUG:received action: [2, 2, 1, 3, 2, 3]
DEBUG:mapped actions: [2, 6, 6, 6, 6, 6]
DEBUG:top of axes not in the figure, so title not moved
DEBUG:Executing first time
DEBUG:received action: [0, 5, 1, 3, 2, 3]
DEBUG:mapped actions: [6, 5, 6, 6, 6, 6]
DEBUG:Packet reached destination node from source: 0, to destination: 5, with hopcount 2
DEBUG:top of axes not in the figure, so title not moved
DEBUG:Executing first time
DEBUG:received action: [0, 0, 1, 3, 2, 3]
DEBUG:mapped actions: [6, 0, 6, 6, 6, 6]
DEBUG:Packet reached destination node from source: 5, to destination: 0, with hopcount 2
DEBUG:top of axes not in the figure, so title not moved
DEBUG:Executing first time
DEBUG:received action: [0, 2, 2, 3, 2, 3]
DEBUG:mapped actions: [6, 6, 2, 6, 6, 6]
DEBUG:top of axes not in the figure, so title not moved
DEBUG:Executing first time
DEBUG:received action: [0, 5, 1, 3, 2, 3]
DEBUG:mapped actions: [6, 5, 6, 6, 6, 6]
DEBUG:Packet reached destination node from source: 0, to destination: 5, with hopcount 2
DEBUG:top of axes not in the figure, so title not moved
DEBUG:Executing first time
DEBUG:received action: [0, 2, 1, 1, 2, 3]
DEBUG:mapped actions: [6, 6, 6, 1, 6, 6]
DEBUG:Packet reached destination node from source: 3, to destination: 1, with hopcount 1
DEBUG:top of axes not in the figure, so title not moved
DEBUG:Executing first time
DEBUG:received action: [0, 2, 1, 3, 2, 0]
DEBUG:mapped actions: [6, 6, 6, 6, 6, 2]
DEBUG:Packet reached destination node from source: 5, to destination: 2, with hopcount 1
DEBUG:top of axes not in the figure, so title not moved
DEBUG:Executing first time
DEBUG:received action: [2, 2, 1, 3, 2, 3]
DEBUG:mapped actions: [2, 6, 6, 6, 6, 6]
DEBUG:top of axes not in the figure, so title not moved
DEBUG:Executing first time
DEBUG:received action: [0, 5, 1, 3, 2, 3]
DEBUG:mapped actions: [6, 5, 6, 6, 6, 6]
DEBUG:Packet reached destination node from source: 1, to destination: 5, with hopcount 2
DEBUG:top of axes not in the figure, so title not moved
DEBUG:Executing first time
DEBUG:received action: [0, 5, 1, 3, 2, 3]
DEBUG:mapped actions: [6, 5, 6, 6, 6, 6]
DEBUG:Packet reached destination node from source: 0, to destination: 5, with hopcount 2
DEBUG:top of axes not in the figure, so title not moved
DEBUG:Executing first time
DEBUG:received action: [0, 2, 2, 3, 2, 3]
DEBUG:mapped actions: [6, 6, 2, 6, 6, 6]
DEBUG:top of axes not in the figure, so title not moved
DEBUG:Executing first time
DEBUG:received action: [0, 5, 1, 3, 2, 3]
DEBUG:mapped actions: [6, 5, 6, 6, 6, 6]
DEBUG:Packet reached destination node from source: 1, to destination: 5, with hopcount 2
DEBUG:top of axes not in the figure, so title not moved
DEBUG:Executing first time
DEBUG:received action: [0, 2, 1, 1, 2, 3]
DEBUG:mapped actions: [6, 6, 6, 1, 6, 6]
DEBUG:Packet reached destination node from source: 3, to destination: 1, with hopcount 1
DEBUG:top of axes not in the figure, so title not moved
DEBUG:Executing first time
DEBUG:received action: [0, 2, 1, 3, 2, 0]
DEBUG:mapped actions: [6, 6, 6, 6, 6, 2]
DEBUG:top of axes not in the figure, so title not moved
DEBUG:Executing first time
DEBUG:received action: [0, 1, 1, 3, 2, 3]
DEBUG:mapped actions: [6, 1, 6, 6, 6, 6]
DEBUG:Packet reached destination node from source: 5, to destination: 1, with hopcount 2
INFO:packets delivered 25 
INFO:packet_lost 0
INFO:Hurray !!! All packets transmitted successfully
DEBUG:top of axes not in the figure, so title not moved
DEBUG:top of axes not in the figure, so title not moved
